2024-11-04 15:31:31,548 INFO    StreamThr :6426 [internal.py:wandb_internal():85] W&B internal server running at pid: 6426, started at: 2024-11-04 15:31:31.547460
2024-11-04 15:31:31,549 DEBUG   HandlerThread:6426 [handler.py:handle_request():158] handle_request: status
2024-11-04 15:31:31,552 INFO    WriterThread:6426 [datastore.py:open_for_write():87] open: /home/cmdunham/ChemicalDataGeneration/models/wandb/run-20241104_153113-xxqr6jbb/run-xxqr6jbb.wandb
2024-11-04 15:31:31,552 DEBUG   SenderThread:6426 [sender.py:send():378] send: header
2024-11-04 15:31:31,553 DEBUG   SenderThread:6426 [sender.py:send():378] send: run
2024-11-04 15:31:36,031 DEBUG   HandlerThread:6426 [handler.py:handle_request():158] handle_request: keepalive
2024-11-04 15:31:41,034 DEBUG   HandlerThread:6426 [handler.py:handle_request():158] handle_request: keepalive
2024-11-04 15:31:46,037 DEBUG   HandlerThread:6426 [handler.py:handle_request():158] handle_request: keepalive
2024-11-04 15:31:51,039 DEBUG   HandlerThread:6426 [handler.py:handle_request():158] handle_request: keepalive
2024-11-04 15:31:56,044 DEBUG   HandlerThread:6426 [handler.py:handle_request():158] handle_request: keepalive
2024-11-04 15:32:01,046 DEBUG   HandlerThread:6426 [handler.py:handle_request():158] handle_request: keepalive
2024-11-04 15:32:06,049 DEBUG   HandlerThread:6426 [handler.py:handle_request():158] handle_request: keepalive
2024-11-04 15:32:11,051 DEBUG   HandlerThread:6426 [handler.py:handle_request():158] handle_request: keepalive
2024-11-04 15:32:16,054 DEBUG   HandlerThread:6426 [handler.py:handle_request():158] handle_request: keepalive
2024-11-04 15:32:21,057 DEBUG   HandlerThread:6426 [handler.py:handle_request():158] handle_request: keepalive
2024-11-04 15:32:21,948 INFO    SenderThread:6426 [dir_watcher.py:__init__():211] watching files in: /home/cmdunham/ChemicalDataGeneration/models/wandb/run-20241104_153113-xxqr6jbb/files
2024-11-04 15:32:21,948 INFO    SenderThread:6426 [sender.py:_start_run_threads():1123] run started: xxqr6jbb with start time 1730752290.586297
2024-11-04 15:32:21,949 DEBUG   HandlerThread:6426 [handler.py:handle_request():158] handle_request: status_report
2024-11-04 15:32:21,959 DEBUG   HandlerThread:6426 [handler.py:handle_request():158] handle_request: check_version
2024-11-04 15:32:21,959 DEBUG   SenderThread:6426 [sender.py:send_request():405] send_request: check_version
2024-11-04 15:32:24,989 DEBUG   HandlerThread:6426 [handler.py:handle_request():158] handle_request: run_start
2024-11-04 15:32:24,990 DEBUG   HandlerThread:6426 [system_info.py:__init__():26] System info init
2024-11-04 15:32:24,990 DEBUG   HandlerThread:6426 [system_info.py:__init__():41] System info init done
2024-11-04 15:32:24,990 INFO    HandlerThread:6426 [system_monitor.py:start():194] Starting system monitor
2024-11-04 15:32:24,990 INFO    SystemMonitor:6426 [system_monitor.py:_start():158] Starting system asset monitoring threads
2024-11-04 15:32:24,990 INFO    HandlerThread:6426 [system_monitor.py:probe():214] Collecting system info
2024-11-04 15:32:24,991 INFO    SystemMonitor:6426 [interfaces.py:start():188] Started cpu monitoring
2024-11-04 15:32:24,992 INFO    SystemMonitor:6426 [interfaces.py:start():188] Started disk monitoring
2024-11-04 15:32:24,992 INFO    SystemMonitor:6426 [interfaces.py:start():188] Started gpu monitoring
2024-11-04 15:32:24,995 INFO    SystemMonitor:6426 [interfaces.py:start():188] Started memory monitoring
2024-11-04 15:32:24,996 INFO    SystemMonitor:6426 [interfaces.py:start():188] Started network monitoring
2024-11-04 15:32:25,034 DEBUG   HandlerThread:6426 [system_info.py:probe():150] Probing system
2024-11-04 15:32:25,034 DEBUG   HandlerThread:6426 [system_info.py:_probe_git():135] Probing git
2024-11-04 15:32:25,064 DEBUG   HandlerThread:6426 [system_info.py:_probe_git():143] Probing git done
2024-11-04 15:32:25,064 DEBUG   HandlerThread:6426 [system_info.py:probe():198] Probing system done
2024-11-04 15:32:25,064 DEBUG   HandlerThread:6426 [system_monitor.py:probe():223] {'os': 'Linux-5.15.0-124-generic-x86_64-with-glibc2.29', 'python': '3.8.10', 'heartbeatAt': '2024-11-04T20:32:25.034083', 'startedAt': '2024-11-04T20:31:13.343746', 'docker': None, 'cuda': None, 'args': (), 'state': 'running', 'program': '/home/cmdunham/ChemicalDataGeneration/models/ims_generator.ipynb', 'codePathLocal': 'ims_generator.ipynb', 'git': {'remote': 'https://github.com/CateMerfeld/ChemicalDataGeneration.git', 'commit': 'd9453a0a15f178a0dbae2d490d229bc1937be099'}, 'email': 'catemerfeld@gmail.com', 'root': '/home/cmdunham/ChemicalDataGeneration', 'host': 'paffenroth23-1', 'username': 'cmdunham', 'executable': '/home/cmdunham/ChemicalDataGeneration/chem_data_gen/bin/python', 'cpu_count': 16, 'cpu_count_logical': 32, 'cpu_freq': {'current': 1915.6398124999998, 'min': 1800.0, 'max': 4000.0}, 'cpu_freq_per_core': [{'current': 1800.0, 'min': 1800.0, 'max': 4000.0}, {'current': 1800.0, 'min': 1800.0, 'max': 4000.0}, {'current': 1800.0, 'min': 1800.0, 'max': 4000.0}, {'current': 1800.0, 'min': 1800.0, 'max': 4000.0}, {'current': 1800.0, 'min': 1800.0, 'max': 4000.0}, {'current': 1800.0, 'min': 1800.0, 'max': 4000.0}, {'current': 1800.0, 'min': 1800.0, 'max': 4000.0}, {'current': 1800.0, 'min': 1800.0, 'max': 4000.0}, {'current': 1800.0, 'min': 1800.0, 'max': 4000.0}, {'current': 1800.0, 'min': 1800.0, 'max': 4000.0}, {'current': 1800.0, 'min': 1800.0, 'max': 4000.0}, {'current': 1800.0, 'min': 1800.0, 'max': 4000.0}, {'current': 1800.0, 'min': 1800.0, 'max': 4000.0}, {'current': 1800.0, 'min': 1800.0, 'max': 4000.0}, {'current': 1800.0, 'min': 1800.0, 'max': 4000.0}, {'current': 1800.0, 'min': 1800.0, 'max': 4000.0}, {'current': 1800.0, 'min': 1800.0, 'max': 4000.0}, {'current': 1800.0, 'min': 1800.0, 'max': 4000.0}, {'current': 1800.0, 'min': 1800.0, 'max': 4000.0}, {'current': 2900.0, 'min': 1800.0, 'max': 4000.0}, {'current': 1800.0, 'min': 1800.0, 'max': 4000.0}, {'current': 1800.0, 'min': 1800.0, 'max': 4000.0}, {'current': 1800.0, 'min': 1800.0, 'max': 4000.0}, {'current': 1800.0, 'min': 1800.0, 'max': 4000.0}, {'current': 1800.0, 'min': 1800.0, 'max': 4000.0}, {'current': 1800.0, 'min': 1800.0, 'max': 4000.0}, {'current': 1800.0, 'min': 1800.0, 'max': 4000.0}, {'current': 4000.0, 'min': 1800.0, 'max': 4000.0}, {'current': 1796.447, 'min': 1800.0, 'max': 4000.0}, {'current': 1800.0, 'min': 1800.0, 'max': 4000.0}, {'current': 1800.0, 'min': 1800.0, 'max': 4000.0}, {'current': 1800.0, 'min': 1800.0, 'max': 4000.0}], 'disk': {'/': {'total': 438.5479202270508, 'used': 403.80748748779297}}, 'gpu': 'NVIDIA GeForce RTX 4090', 'gpu_count': 2, 'gpu_devices': [{'name': 'NVIDIA GeForce RTX 4090', 'memory_total': 25757220864}, {'name': 'NVIDIA GeForce RTX 4090', 'memory_total': 25757220864}], 'memory': {'total': 125.60020065307617}}
2024-11-04 15:32:25,064 INFO    HandlerThread:6426 [system_monitor.py:probe():224] Finished collecting system info
2024-11-04 15:32:25,064 INFO    HandlerThread:6426 [system_monitor.py:probe():227] Publishing system info
2024-11-04 15:32:25,065 INFO    HandlerThread:6426 [system_monitor.py:probe():229] Finished publishing system info
2024-11-04 15:32:25,065 DEBUG   SenderThread:6426 [sender.py:send():378] send: files
2024-11-04 15:32:25,066 INFO    SenderThread:6426 [sender.py:_save_file():1389] saving file wandb-metadata.json with policy now
2024-11-04 15:32:25,125 DEBUG   HandlerThread:6426 [handler.py:handle_request():158] handle_request: python_packages
2024-11-04 15:32:25,128 DEBUG   SenderThread:6426 [sender.py:send_request():405] send_request: python_packages
2024-11-04 15:32:25,128 DEBUG   HandlerThread:6426 [handler.py:handle_request():158] handle_request: stop_status
2024-11-04 15:32:25,129 DEBUG   SenderThread:6426 [sender.py:send_request():405] send_request: stop_status
2024-11-04 15:32:25,951 INFO    Thread-111:6426 [dir_watcher.py:_on_file_created():271] file/dir created: /home/cmdunham/ChemicalDataGeneration/models/wandb/run-20241104_153113-xxqr6jbb/files/requirements.txt
2024-11-04 15:32:25,951 INFO    Thread-111:6426 [dir_watcher.py:_on_file_created():271] file/dir created: /home/cmdunham/ChemicalDataGeneration/models/wandb/run-20241104_153113-xxqr6jbb/files/wandb-metadata.json
2024-11-04 15:32:28,579 DEBUG   HandlerThread:6426 [handler.py:handle_request():158] handle_request: partial_history
2024-11-04 15:32:30,127 DEBUG   HandlerThread:6426 [handler.py:handle_request():158] handle_request: keepalive
2024-11-04 15:32:30,679 DEBUG   HandlerThread:6426 [handler.py:handle_request():158] handle_request: pause
2024-11-04 15:32:30,679 INFO    HandlerThread:6426 [handler.py:handle_request_pause():724] stopping system metrics thread
2024-11-04 15:32:30,679 INFO    HandlerThread:6426 [system_monitor.py:finish():203] Stopping system monitor
2024-11-04 15:32:30,680 INFO    HandlerThread:6426 [interfaces.py:finish():200] Joined cpu monitor
2024-11-04 15:32:30,680 DEBUG   SystemMonitor:6426 [system_monitor.py:_start():172] Starting system metrics aggregation loop
2024-11-04 15:32:30,680 INFO    HandlerThread:6426 [interfaces.py:finish():200] Joined disk monitor
2024-11-04 15:32:30,681 DEBUG   SystemMonitor:6426 [system_monitor.py:_start():179] Finished system metrics aggregation loop
2024-11-04 15:32:30,681 DEBUG   SystemMonitor:6426 [system_monitor.py:_start():183] Publishing last batch of metrics
2024-11-04 15:32:30,776 INFO    HandlerThread:6426 [interfaces.py:finish():200] Joined gpu monitor
2024-11-04 15:32:30,777 INFO    HandlerThread:6426 [interfaces.py:finish():200] Joined memory monitor
2024-11-04 15:32:30,777 INFO    HandlerThread:6426 [interfaces.py:finish():200] Joined network monitor
2024-11-04 15:32:32,106 DEBUG   SenderThread:6426 [sender.py:send():378] send: telemetry
2024-11-04 15:32:32,107 DEBUG   HandlerThread:6426 [handler.py:handle_request():158] handle_request: status_report
2024-11-04 15:32:32,108 DEBUG   SenderThread:6426 [sender.py:send():378] send: history
2024-11-04 15:32:32,108 DEBUG   SenderThread:6426 [sender.py:send_request():405] send_request: summary_record
2024-11-04 15:32:32,109 INFO    SenderThread:6426 [sender.py:_save_file():1389] saving file wandb-summary.json with policy end
2024-11-04 15:32:32,109 DEBUG   SenderThread:6426 [sender.py:send():378] send: stats
2024-11-04 15:32:32,419 INFO    wandb-upload_0:6426 [upload_job.py:push():130] Uploaded file /tmp/tmpauyeig35wandb/ko9bremi-wandb-metadata.json
2024-11-04 15:32:32,952 INFO    Thread-111:6426 [dir_watcher.py:_on_file_created():271] file/dir created: /home/cmdunham/ChemicalDataGeneration/models/wandb/run-20241104_153113-xxqr6jbb/files/wandb-summary.json
2024-11-04 15:32:32,953 INFO    Thread-111:6426 [dir_watcher.py:_on_file_created():271] file/dir created: /home/cmdunham/ChemicalDataGeneration/models/wandb/run-20241104_153113-xxqr6jbb/files/output.log
2024-11-04 15:32:34,954 INFO    Thread-111:6426 [dir_watcher.py:_on_file_modified():288] file/dir modified: /home/cmdunham/ChemicalDataGeneration/models/wandb/run-20241104_153113-xxqr6jbb/files/output.log
2024-11-04 15:32:37,112 DEBUG   HandlerThread:6426 [handler.py:handle_request():158] handle_request: status_report
2024-11-04 15:32:40,126 DEBUG   HandlerThread:6426 [handler.py:handle_request():158] handle_request: keepalive
2024-11-04 15:32:40,126 DEBUG   HandlerThread:6426 [handler.py:handle_request():158] handle_request: stop_status
2024-11-04 15:32:40,126 DEBUG   SenderThread:6426 [sender.py:send_request():405] send_request: stop_status
2024-11-04 15:32:45,128 DEBUG   HandlerThread:6426 [handler.py:handle_request():158] handle_request: keepalive
2024-11-04 15:32:50,129 DEBUG   HandlerThread:6426 [handler.py:handle_request():158] handle_request: keepalive
2024-11-04 15:32:55,132 DEBUG   HandlerThread:6426 [handler.py:handle_request():158] handle_request: keepalive
2024-11-04 15:32:59,442 ERROR   FileStreamThread:6426 [file_stream.py:_handle_response():510] dropped chunk 404 Client Error: Not Found for url: https://api.wandb.ai/files/catemerfeld/ims_encoder_decoder/xxqr6jbb/file_stream
NoneType: None
2024-11-04 15:32:59,495 ERROR   FileStreamThread:6426 [file_stream.py:_handle_response():510] dropped chunk 404 Client Error: Not Found for url: https://api.wandb.ai/files/catemerfeld/ims_encoder_decoder/xxqr6jbb/file_stream
NoneType: None
2024-11-04 15:33:00,135 DEBUG   HandlerThread:6426 [handler.py:handle_request():158] handle_request: keepalive
2024-11-04 15:33:01,512 DEBUG   HandlerThread:6426 [handler.py:handle_request():158] handle_request: status_report
2024-11-04 15:33:01,563 ERROR   SenderThread:6426 [internal_api.py:execute():344] 409 response executing GraphQL.
2024-11-04 15:33:01,563 ERROR   SenderThread:6426 [internal_api.py:execute():345] {"errors":[{"message":"run xxqr6jbb was previously created and deleted; try a new run name","path":["upsertBucket"]}],"data":{"upsertBucket":null}}
2024-11-04 15:33:02,834 ERROR   SenderThread:6426 [internal_api.py:execute():344] 409 response executing GraphQL.
2024-11-04 15:33:02,834 ERROR   SenderThread:6426 [internal_api.py:execute():345] {"errors":[{"message":"run xxqr6jbb was previously created and deleted; try a new run name","path":["upsertBucket"]}],"data":{"upsertBucket":null}}
2024-11-04 15:33:04,960 ERROR   SenderThread:6426 [internal_api.py:execute():344] 409 response executing GraphQL.
2024-11-04 15:33:04,960 ERROR   SenderThread:6426 [internal_api.py:execute():345] {"errors":[{"message":"run xxqr6jbb was previously created and deleted; try a new run name","path":["upsertBucket"]}],"data":{"upsertBucket":null}}
2024-11-04 15:33:04,960 INFO    SenderThread:6426 [retry.py:__call__():172] Retry attempt failed:
Traceback (most recent call last):
  File "/home/cmdunham/ChemicalDataGeneration/chem_data_gen/lib/python3.8/site-packages/wandb/sdk/lib/retry.py", line 131, in __call__
    result = self._call_fn(*args, **kwargs)
  File "/home/cmdunham/ChemicalDataGeneration/chem_data_gen/lib/python3.8/site-packages/wandb/sdk/internal/internal_api.py", line 340, in execute
    return self.client.execute(*args, **kwargs)  # type: ignore
  File "/home/cmdunham/ChemicalDataGeneration/chem_data_gen/lib/python3.8/site-packages/wandb/vendor/gql-0.2.0/wandb_gql/client.py", line 52, in execute
    result = self._get_result(document, *args, **kwargs)
  File "/home/cmdunham/ChemicalDataGeneration/chem_data_gen/lib/python3.8/site-packages/wandb/vendor/gql-0.2.0/wandb_gql/client.py", line 60, in _get_result
    return self.transport.execute(document, *args, **kwargs)
  File "/home/cmdunham/ChemicalDataGeneration/chem_data_gen/lib/python3.8/site-packages/wandb/sdk/lib/gql_request.py", line 59, in execute
    request.raise_for_status()
  File "/home/cmdunham/ChemicalDataGeneration/chem_data_gen/lib/python3.8/site-packages/requests/models.py", line 1021, in raise_for_status
    raise HTTPError(http_error_msg, response=self)
requests.exceptions.HTTPError: 409 Client Error: Conflict for url: https://api.wandb.ai/graphql
2024-11-04 15:33:05,138 DEBUG   HandlerThread:6426 [handler.py:handle_request():158] handle_request: keepalive
2024-11-04 15:33:09,639 ERROR   SenderThread:6426 [internal_api.py:execute():344] 409 response executing GraphQL.
2024-11-04 15:33:09,639 ERROR   SenderThread:6426 [internal_api.py:execute():345] {"errors":[{"message":"run xxqr6jbb was previously created and deleted; try a new run name","path":["upsertBucket"]}],"data":{"upsertBucket":null}}
2024-11-04 15:33:10,140 DEBUG   HandlerThread:6426 [handler.py:handle_request():158] handle_request: keepalive
2024-11-04 15:33:15,142 DEBUG   HandlerThread:6426 [handler.py:handle_request():158] handle_request: keepalive
2024-11-04 15:33:19,623 ERROR   SenderThread:6426 [internal_api.py:execute():344] 409 response executing GraphQL.
2024-11-04 15:33:19,623 ERROR   SenderThread:6426 [internal_api.py:execute():345] {"errors":[{"message":"run xxqr6jbb was previously created and deleted; try a new run name","path":["upsertBucket"]}],"data":{"upsertBucket":null}}
2024-11-04 15:33:20,144 DEBUG   HandlerThread:6426 [handler.py:handle_request():158] handle_request: keepalive
2024-11-04 15:33:25,147 DEBUG   HandlerThread:6426 [handler.py:handle_request():158] handle_request: keepalive
2024-11-04 15:33:28,069 DEBUG   HandlerThread:6426 [handler.py:handle_request():158] handle_request: resume
2024-11-04 15:33:28,069 INFO    HandlerThread:6426 [handler.py:handle_request_resume():715] starting system metrics thread
2024-11-04 15:33:28,069 INFO    HandlerThread:6426 [system_monitor.py:start():194] Starting system monitor
2024-11-04 15:33:28,069 INFO    SystemMonitor:6426 [system_monitor.py:_start():158] Starting system asset monitoring threads
2024-11-04 15:33:28,069 INFO    SystemMonitor:6426 [interfaces.py:start():188] Started cpu monitoring
2024-11-04 15:33:28,069 INFO    SystemMonitor:6426 [interfaces.py:start():188] Started disk monitoring
2024-11-04 15:33:28,070 INFO    SystemMonitor:6426 [interfaces.py:start():188] Started gpu monitoring
2024-11-04 15:33:28,070 INFO    SystemMonitor:6426 [interfaces.py:start():188] Started memory monitoring
2024-11-04 15:33:28,071 INFO    SystemMonitor:6426 [interfaces.py:start():188] Started network monitoring
2024-11-04 15:33:29,104 DEBUG   HandlerThread:6426 [handler.py:handle_request():158] handle_request: poll_exit
2024-11-04 15:33:34,106 DEBUG   HandlerThread:6426 [handler.py:handle_request():158] handle_request: keepalive
2024-11-04 15:33:39,107 DEBUG   HandlerThread:6426 [handler.py:handle_request():158] handle_request: keepalive
2024-11-04 15:33:44,109 DEBUG   HandlerThread:6426 [handler.py:handle_request():158] handle_request: keepalive
2024-11-04 15:33:49,110 DEBUG   HandlerThread:6426 [handler.py:handle_request():158] handle_request: keepalive
2024-11-04 15:33:54,113 DEBUG   HandlerThread:6426 [handler.py:handle_request():158] handle_request: keepalive
2024-11-04 15:33:59,115 DEBUG   HandlerThread:6426 [handler.py:handle_request():158] handle_request: keepalive
2024-11-04 15:34:04,116 DEBUG   HandlerThread:6426 [handler.py:handle_request():158] handle_request: keepalive
2024-11-04 15:34:09,118 DEBUG   HandlerThread:6426 [handler.py:handle_request():158] handle_request: keepalive
2024-11-04 15:34:14,120 DEBUG   HandlerThread:6426 [handler.py:handle_request():158] handle_request: keepalive
2024-11-04 15:34:19,121 DEBUG   HandlerThread:6426 [handler.py:handle_request():158] handle_request: keepalive
2024-11-04 15:34:24,123 DEBUG   HandlerThread:6426 [handler.py:handle_request():158] handle_request: keepalive
2024-11-04 15:34:28,071 DEBUG   SystemMonitor:6426 [system_monitor.py:_start():172] Starting system metrics aggregation loop
2024-11-04 15:34:29,124 DEBUG   HandlerThread:6426 [handler.py:handle_request():158] handle_request: keepalive
2024-11-04 15:34:34,126 DEBUG   HandlerThread:6426 [handler.py:handle_request():158] handle_request: keepalive
2024-11-04 15:34:39,128 DEBUG   HandlerThread:6426 [handler.py:handle_request():158] handle_request: keepalive
2024-11-04 15:34:44,129 DEBUG   HandlerThread:6426 [handler.py:handle_request():158] handle_request: keepalive
2024-11-04 15:34:49,131 DEBUG   HandlerThread:6426 [handler.py:handle_request():158] handle_request: keepalive
2024-11-04 15:34:54,133 DEBUG   HandlerThread:6426 [handler.py:handle_request():158] handle_request: keepalive
2024-11-04 15:34:59,136 DEBUG   HandlerThread:6426 [handler.py:handle_request():158] handle_request: keepalive
2024-11-04 15:35:04,138 DEBUG   HandlerThread:6426 [handler.py:handle_request():158] handle_request: keepalive
2024-11-04 15:35:09,140 DEBUG   HandlerThread:6426 [handler.py:handle_request():158] handle_request: keepalive
2024-11-04 15:35:14,142 DEBUG   HandlerThread:6426 [handler.py:handle_request():158] handle_request: keepalive
2024-11-04 15:35:19,144 DEBUG   HandlerThread:6426 [handler.py:handle_request():158] handle_request: keepalive
2024-11-04 15:35:24,146 DEBUG   HandlerThread:6426 [handler.py:handle_request():158] handle_request: keepalive
2024-11-04 15:35:29,148 DEBUG   HandlerThread:6426 [handler.py:handle_request():158] handle_request: keepalive
2024-11-04 15:35:34,150 DEBUG   HandlerThread:6426 [handler.py:handle_request():158] handle_request: keepalive
2024-11-04 15:35:39,152 DEBUG   HandlerThread:6426 [handler.py:handle_request():158] handle_request: keepalive
2024-11-04 15:35:44,155 DEBUG   HandlerThread:6426 [handler.py:handle_request():158] handle_request: keepalive
2024-11-04 15:35:49,157 DEBUG   HandlerThread:6426 [handler.py:handle_request():158] handle_request: keepalive
2024-11-04 15:35:54,159 DEBUG   HandlerThread:6426 [handler.py:handle_request():158] handle_request: keepalive
2024-11-04 15:35:59,162 DEBUG   HandlerThread:6426 [handler.py:handle_request():158] handle_request: keepalive
2024-11-04 15:36:04,165 DEBUG   HandlerThread:6426 [handler.py:handle_request():158] handle_request: keepalive
2024-11-04 15:36:09,167 DEBUG   HandlerThread:6426 [handler.py:handle_request():158] handle_request: keepalive
2024-11-04 15:36:21,181 ERROR   SenderThread:6426 [internal_api.py:execute():344] 409 response executing GraphQL.
2024-11-04 15:36:21,181 ERROR   SenderThread:6426 [internal_api.py:execute():345] {"errors":[{"message":"run xxqr6jbb was previously created and deleted; try a new run name","path":["upsertBucket"]}],"data":{"upsertBucket":null}}
2024-11-04 15:36:22,086 INFO    WriterThread:6426 [datastore.py:close():296] close: /home/cmdunham/ChemicalDataGeneration/models/wandb/run-20241104_153113-xxqr6jbb/run-xxqr6jbb.wandb
2024-11-04 15:36:22,172 INFO    HandlerThread:6426 [handler.py:finish():882] shutting down handler
2024-11-04 15:36:22,172 INFO    HandlerThread:6426 [system_monitor.py:finish():203] Stopping system monitor
2024-11-04 15:36:22,172 DEBUG   SystemMonitor:6426 [system_monitor.py:_start():179] Finished system metrics aggregation loop
2024-11-04 15:36:22,172 DEBUG   SystemMonitor:6426 [system_monitor.py:_start():183] Publishing last batch of metrics
2024-11-04 15:36:22,174 INFO    HandlerThread:6426 [interfaces.py:finish():200] Joined cpu monitor
2024-11-04 15:36:22,174 INFO    HandlerThread:6426 [interfaces.py:finish():200] Joined disk monitor
2024-11-04 15:36:22,271 INFO    HandlerThread:6426 [interfaces.py:finish():200] Joined gpu monitor
2024-11-04 15:36:22,271 INFO    HandlerThread:6426 [interfaces.py:finish():200] Joined memory monitor
2024-11-04 15:36:22,271 INFO    HandlerThread:6426 [interfaces.py:finish():200] Joined network monitor
2024-11-04 15:36:22,271 ERROR   StreamThr :6426 [internal.py:wandb_internal():173] Thread SenderThread:
Traceback (most recent call last):
  File "/home/cmdunham/ChemicalDataGeneration/chem_data_gen/lib/python3.8/site-packages/wandb/apis/normalize.py", line 41, in wrapper
    return func(*args, **kwargs)
  File "/home/cmdunham/ChemicalDataGeneration/chem_data_gen/lib/python3.8/site-packages/wandb/sdk/internal/internal_api.py", line 2188, in upsert_run
    response = self.gql(
  File "/home/cmdunham/ChemicalDataGeneration/chem_data_gen/lib/python3.8/site-packages/wandb/sdk/internal/internal_api.py", line 312, in gql
    ret = self._retry_gql(
  File "/home/cmdunham/ChemicalDataGeneration/chem_data_gen/lib/python3.8/site-packages/wandb/sdk/lib/retry.py", line 131, in __call__
    result = self._call_fn(*args, **kwargs)
  File "/home/cmdunham/ChemicalDataGeneration/chem_data_gen/lib/python3.8/site-packages/wandb/sdk/internal/internal_api.py", line 340, in execute
    return self.client.execute(*args, **kwargs)  # type: ignore
  File "/home/cmdunham/ChemicalDataGeneration/chem_data_gen/lib/python3.8/site-packages/wandb/vendor/gql-0.2.0/wandb_gql/client.py", line 52, in execute
    result = self._get_result(document, *args, **kwargs)
  File "/home/cmdunham/ChemicalDataGeneration/chem_data_gen/lib/python3.8/site-packages/wandb/vendor/gql-0.2.0/wandb_gql/client.py", line 60, in _get_result
    return self.transport.execute(document, *args, **kwargs)
  File "/home/cmdunham/ChemicalDataGeneration/chem_data_gen/lib/python3.8/site-packages/wandb/sdk/lib/gql_request.py", line 59, in execute
    request.raise_for_status()
  File "/home/cmdunham/ChemicalDataGeneration/chem_data_gen/lib/python3.8/site-packages/requests/models.py", line 1021, in raise_for_status
    raise HTTPError(http_error_msg, response=self)
requests.exceptions.HTTPError: 409 Client Error: Conflict for url: https://api.wandb.ai/graphql

During handling of the above exception, another exception occurred:

Traceback (most recent call last):
  File "/home/cmdunham/ChemicalDataGeneration/chem_data_gen/lib/python3.8/site-packages/wandb/sdk/internal/internal_util.py", line 48, in run
    self._run()
  File "/home/cmdunham/ChemicalDataGeneration/chem_data_gen/lib/python3.8/site-packages/wandb/sdk/internal/internal_util.py", line 92, in _run
    self._debounce()
  File "/home/cmdunham/ChemicalDataGeneration/chem_data_gen/lib/python3.8/site-packages/wandb/sdk/internal/internal.py", line 333, in _debounce
    self._sm.debounce()
  File "/home/cmdunham/ChemicalDataGeneration/chem_data_gen/lib/python3.8/site-packages/wandb/sdk/internal/sender.py", line 536, in debounce
    self._maybe_update_config(always=final)
  File "/home/cmdunham/ChemicalDataGeneration/chem_data_gen/lib/python3.8/site-packages/wandb/sdk/internal/sender.py", line 513, in _maybe_update_config
    self._debounce_config()
  File "/home/cmdunham/ChemicalDataGeneration/chem_data_gen/lib/python3.8/site-packages/wandb/sdk/internal/sender.py", line 542, in _debounce_config
    self._api.upsert_run(
  File "/home/cmdunham/ChemicalDataGeneration/chem_data_gen/lib/python3.8/site-packages/wandb/apis/normalize.py", line 51, in wrapper
    raise CommError(message, error)
wandb.errors.CommError: run xxqr6jbb was previously created and deleted; try a new run name (Error 409: Conflict)
